<?xml version="1.0" encoding="UTF-8"?>
<testng-results skipped="0" failed="1" ignored="0" total="5" passed="4">
  <reporter-output>
  </reporter-output>
  <suite name="Suite1" duration-ms="45640" started-at="2020-06-26T19:28:46Z" finished-at="2020-06-26T19:29:31Z">
    <groups>
    </groups>
    <test name="Verify Animate Box" duration-ms="30318" started-at="2020-06-26T19:28:46Z" finished-at="2020-06-26T19:29:16Z">
      <class name="com.automationproject.testscript.Jquery">
        <test-method status="PASS" signature="launchBrowser(java.lang.String)[pri:0, instance:com.automationproject.testscript.Jquery@60addb54]" name="launchBrowser" is-config="true" duration-ms="17306" started-at="2020-06-26T19:28:46Z" finished-at="2020-06-26T19:29:03Z">
          <params>
            <param index="0">
              <value>
                <![CDATA[https://jqueryui.com/animate/]]>
              </value>
            </param>
          </params>
          <reporter-output>
          </reporter-output>
        </test-method> <!-- launchBrowser -->
        <test-method status="PASS" signature="colorVerfication()[pri:1, instance:com.automationproject.testscript.Jquery@60addb54]" name="colorVerfication" duration-ms="10630" started-at="2020-06-26T19:29:03Z" finished-at="2020-06-26T19:29:13Z">
          <reporter-output>
          </reporter-output>
        </test-method> <!-- colorVerfication -->
        <test-method status="PASS" signature="toggleSizeVerificatiom()[pri:2, instance:com.automationproject.testscript.Jquery@60addb54]" name="toggleSizeVerificatiom" duration-ms="1" started-at="2020-06-26T19:29:13Z" finished-at="2020-06-26T19:29:13Z">
          <reporter-output>
          </reporter-output>
        </test-method> <!-- toggleSizeVerificatiom -->
        <test-method status="PASS" signature="closeBrowser()[pri:0, instance:com.automationproject.testscript.Jquery@60addb54]" name="closeBrowser" is-config="true" duration-ms="2347" started-at="2020-06-26T19:29:13Z" finished-at="2020-06-26T19:29:16Z">
          <reporter-output>
          </reporter-output>
        </test-method> <!-- closeBrowser -->
      </class> <!-- com.automationproject.testscript.Jquery -->
    </test> <!-- Verify Animate Box -->
    <test name="Verfify Links" duration-ms="15263" started-at="2020-06-26T19:29:16Z" finished-at="2020-06-26T19:29:31Z">
      <class name="com.automationproject.testscript.NDTVBusiness">
        <test-method status="PASS" signature="launchBrowser(java.lang.String)[pri:0, instance:com.automationproject.testscript.NDTVBusiness@5cc7c2a6]" name="launchBrowser" is-config="true" duration-ms="7971" started-at="2020-06-26T19:29:16Z" finished-at="2020-06-26T19:29:24Z">
          <params>
            <param index="0">
              <value>
                <![CDATA[https://www.ndtv.com/business]]>
              </value>
            </param>
          </params>
          <reporter-output>
          </reporter-output>
        </test-method> <!-- launchBrowser -->
        <test-method status="PASS" signature="printAllTopMenusLinks()[pri:1, instance:com.automationproject.testscript.NDTVBusiness@5cc7c2a6]" name="printAllTopMenusLinks" duration-ms="3211" started-at="2020-06-26T19:29:24Z" finished-at="2020-06-26T19:29:27Z">
          <reporter-output>
          </reporter-output>
        </test-method> <!-- printAllTopMenusLinks -->
        <test-method status="PASS" signature="printAllBottomMenusLinks()[pri:2, instance:com.automationproject.testscript.NDTVBusiness@5cc7c2a6]" name="printAllBottomMenusLinks" duration-ms="809" started-at="2020-06-26T19:29:27Z" finished-at="2020-06-26T19:29:28Z">
          <reporter-output>
          </reporter-output>
        </test-method> <!-- printAllBottomMenusLinks -->
        <test-method status="FAIL" signature="CheckBusinessLinkInFooter()[pri:3, instance:com.automationproject.testscript.NDTVBusiness@5cc7c2a6]" name="CheckBusinessLinkInFooter" duration-ms="313" started-at="2020-06-26T19:29:28Z" finished-at="2020-06-26T19:29:28Z">
          <exception class="java.lang.AssertionError">
            <message>
              <![CDATA[Top business link is not present in bottom linklist]]>
            </message>
            <full-stacktrace>
              <![CDATA[java.lang.AssertionError: Top business link is not present in bottom linklist
at org.testng.Assert.fail(Assert.java:96)
at com.automationproject.pageobjects.NDTVHomePage.comparetoplinkInBottomMenu(NDTVHomePage.java:65)
at com.automationproject.testscript.NDTVBusiness.CheckBusinessLinkInFooter(NDTVBusiness.java:24)
at sun.reflect.NativeMethodAccessorImpl.invoke0(Native Method)
at sun.reflect.NativeMethodAccessorImpl.invoke(NativeMethodAccessorImpl.java:62)
at sun.reflect.DelegatingMethodAccessorImpl.invoke(DelegatingMethodAccessorImpl.java:43)
at java.lang.reflect.Method.invoke(Method.java:498)
at org.testng.internal.MethodInvocationHelper.invokeMethod(MethodInvocationHelper.java:124)
at org.testng.internal.Invoker.invokeMethod(Invoker.java:583)
at org.testng.internal.Invoker.invokeTestMethod(Invoker.java:719)
at org.testng.internal.Invoker.invokeTestMethods(Invoker.java:989)
at org.testng.internal.TestMethodWorker.invokeTestMethods(TestMethodWorker.java:125)
at org.testng.internal.TestMethodWorker.run(TestMethodWorker.java:109)
at org.testng.TestRunner.privateRun(TestRunner.java:648)
at org.testng.TestRunner.run(TestRunner.java:505)
at org.testng.SuiteRunner.runTest(SuiteRunner.java:455)
at org.testng.SuiteRunner.runSequentially(SuiteRunner.java:450)
at org.testng.SuiteRunner.privateRun(SuiteRunner.java:415)
at org.testng.SuiteRunner.run(SuiteRunner.java:364)
at org.testng.SuiteRunnerWorker.runSuite(SuiteRunnerWorker.java:52)
at org.testng.SuiteRunnerWorker.run(SuiteRunnerWorker.java:84)
at org.testng.TestNG.runSuitesSequentially(TestNG.java:1208)
at org.testng.TestNG.runSuitesLocally(TestNG.java:1137)
at org.testng.TestNG.runSuites(TestNG.java:1049)
at org.testng.TestNG.run(TestNG.java:1017)
at org.apache.maven.surefire.testng.TestNGExecutor.run(TestNGExecutor.java:178)
at org.apache.maven.surefire.testng.TestNGXmlTestSuite.execute(TestNGXmlTestSuite.java:92)
at org.apache.maven.surefire.testng.TestNGProvider.invoke(TestNGProvider.java:96)
at sun.reflect.NativeMethodAccessorImpl.invoke0(Native Method)
at sun.reflect.NativeMethodAccessorImpl.invoke(NativeMethodAccessorImpl.java:62)
at sun.reflect.DelegatingMethodAccessorImpl.invoke(DelegatingMethodAccessorImpl.java:43)
at java.lang.reflect.Method.invoke(Method.java:498)
at org.apache.maven.surefire.util.ReflectionUtils.invokeMethodWithArray2(ReflectionUtils.java:208)
at org.apache.maven.surefire.booter.ProviderFactory$ProviderProxy.invoke(ProviderFactory.java:159)
at org.apache.maven.surefire.booter.ProviderFactory.invokeProvider(ProviderFactory.java:87)
at org.apache.maven.surefire.booter.ForkedBooter.runSuitesInProcess(ForkedBooter.java:153)
at org.apache.maven.surefire.booter.ForkedBooter.main(ForkedBooter.java:95)
]]>
            </full-stacktrace>
          </exception> <!-- java.lang.AssertionError -->
          <reporter-output>
          </reporter-output>
        </test-method> <!-- CheckBusinessLinkInFooter -->
        <test-method status="PASS" signature="closeBrowser()[pri:0, instance:com.automationproject.testscript.NDTVBusiness@5cc7c2a6]" name="closeBrowser" is-config="true" duration-ms="2948" started-at="2020-06-26T19:29:28Z" finished-at="2020-06-26T19:29:31Z">
          <reporter-output>
          </reporter-output>
        </test-method> <!-- closeBrowser -->
      </class> <!-- com.automationproject.testscript.NDTVBusiness -->
    </test> <!-- Verfify Links -->
  </suite> <!-- Suite1 -->
</testng-results>
